  main.cpp
C:\Users\琉聖\Desktop\GC１\yudetamago\Summer\Summer\Project\GameProject\main.cpp(87,42): warning C4244: '引数': 'int' から 'float' への変換です。データが失われる可能性があります。
C:\Users\琉聖\Desktop\GC１\yudetamago\Summer\Summer\Project\GameProject\main.cpp(87,39): warning C4244: '引数': 'int' から 'float' への変換です。データが失われる可能性があります。
GLFW.lib(init.obj) : warning LNK4099: PDB 'GLFW.pdb' が 'GLFW.lib(init.obj)' で、または 'C:\Users\琉聖\Desktop\GC１\yudetamago\Summer\Summer\Game\GLFW.pdb' に見つかりません。デバッグ情報がないものとして、オブジェクトにリンクします。
  glew.lib(glew.obj) : MSIL .netmodule または /GL を伴ってコンパイルされたモジュールが見つかりました。/LTCG を使用して再開始してください。リンカーのパフォーマンスを向上させるためには、コマンドラインに /LTCG を追加してください。
GLFW.lib(window.obj) : warning LNK4099: PDB 'GLFW.pdb' が 'GLFW.lib(window.obj)' で、または 'C:\Users\琉聖\Desktop\GC１\yudetamago\Summer\Summer\Game\GLFW.pdb' に見つかりません。デバッグ情報がないものとして、オブジェクトにリンクします。
GLFW.lib(input.obj) : warning LNK4099: PDB 'GLFW.pdb' が 'GLFW.lib(input.obj)' で、または 'C:\Users\琉聖\Desktop\GC１\yudetamago\Summer\Summer\Game\GLFW.pdb' に見つかりません。デバッグ情報がないものとして、オブジェクトにリンクします。
GLFW.lib(context.obj) : warning LNK4099: PDB 'GLFW.pdb' が 'GLFW.lib(context.obj)' で、または 'C:\Users\琉聖\Desktop\GC１\yudetamago\Summer\Summer\Game\GLFW.pdb' に見つかりません。デバッグ情報がないものとして、オブジェクトにリンクします。
GLFW.lib(win32_init.obj) : warning LNK4099: PDB 'GLFW.pdb' が 'GLFW.lib(win32_init.obj)' で、または 'C:\Users\琉聖\Desktop\GC１\yudetamago\Summer\Summer\Game\GLFW.pdb' に見つかりません。デバッグ情報がないものとして、オブジェクトにリンクします。
GLFW.lib(win32_monitor.obj) : warning LNK4099: PDB 'GLFW.pdb' が 'GLFW.lib(win32_monitor.obj)' で、または 'C:\Users\琉聖\Desktop\GC１\yudetamago\Summer\Summer\Game\GLFW.pdb' に見つかりません。デバッグ情報がないものとして、オブジェクトにリンクします。
GLFW.lib(win32_time.obj) : warning LNK4099: PDB 'GLFW.pdb' が 'GLFW.lib(win32_time.obj)' で、または 'C:\Users\琉聖\Desktop\GC１\yudetamago\Summer\Summer\Game\GLFW.pdb' に見つかりません。デバッグ情報がないものとして、オブジェクトにリンクします。
GLFW.lib(monitor.obj) : warning LNK4099: PDB 'GLFW.pdb' が 'GLFW.lib(monitor.obj)' で、または 'C:\Users\琉聖\Desktop\GC１\yudetamago\Summer\Summer\Game\GLFW.pdb' に見つかりません。デバッグ情報がないものとして、オブジェクトにリンクします。
GLFW.lib(vulkan.obj) : warning LNK4099: PDB 'GLFW.pdb' が 'GLFW.lib(vulkan.obj)' で、または 'C:\Users\琉聖\Desktop\GC１\yudetamago\Summer\Summer\Game\GLFW.pdb' に見つかりません。デバッグ情報がないものとして、オブジェクトにリンクします。
GLFW.lib(win32_window.obj) : warning LNK4099: PDB 'GLFW.pdb' が 'GLFW.lib(win32_window.obj)' で、または 'C:\Users\琉聖\Desktop\GC１\yudetamago\Summer\Summer\Game\GLFW.pdb' に見つかりません。デバッグ情報がないものとして、オブジェクトにリンクします。
GLFW.lib(win32_tls.obj) : warning LNK4099: PDB 'GLFW.pdb' が 'GLFW.lib(win32_tls.obj)' で、または 'C:\Users\琉聖\Desktop\GC１\yudetamago\Summer\Summer\Game\GLFW.pdb' に見つかりません。デバッグ情報がないものとして、オブジェクトにリンクします。
GLFW.lib(win32_joystick.obj) : warning LNK4099: PDB 'GLFW.pdb' が 'GLFW.lib(win32_joystick.obj)' で、または 'C:\Users\琉聖\Desktop\GC１\yudetamago\Summer\Summer\Game\GLFW.pdb' に見つかりません。デバッグ情報がないものとして、オブジェクトにリンクします。
GLFW.lib(wgl_context.obj) : warning LNK4099: PDB 'GLFW.pdb' が 'GLFW.lib(wgl_context.obj)' で、または 'C:\Users\琉聖\Desktop\GC１\yudetamago\Summer\Summer\Game\GLFW.pdb' に見つかりません。デバッグ情報がないものとして、オブジェクトにリンクします。
GLFW.lib(egl_context.obj) : warning LNK4099: PDB 'GLFW.pdb' が 'GLFW.lib(egl_context.obj)' で、または 'C:\Users\琉聖\Desktop\GC１\yudetamago\Summer\Summer\Game\GLFW.pdb' に見つかりません。デバッグ情報がないものとして、オブジェクトにリンクします。
LINK : warning LNK4075: /INCREMENTAL は /LTCG の指定によって無視されます。
     ライブラリ C:\Users\琉聖\Desktop\GC１\yudetamago\Summer\Summer\Project\/../Game/GameProject.lib とオブジェクト C:\Users\琉聖\Desktop\GC１\yudetamago\Summer\Summer\Project\/../Game/GameProject.exp を作成中
LINK : warning LNK4098: defaultlib 'LIBCMT' は他のライブラリの使用と競合しています。/NODEFAULTLIB:library を使用してください。
  コード生成しています。
  コード生成が終了しました。
GLFW.lib(init.obj) : warning LNK4099: PDB 'GLFW.pdb' が 'GLFW.lib(init.obj)' で、または 'C:\Users\琉聖\Desktop\GC１\yudetamago\Summer\Summer\Game\GLFW.pdb' に見つかりません。デバッグ情報がないものとして、オブジェクトにリンクします。
GLFW.lib(window.obj) : warning LNK4099: PDB 'GLFW.pdb' が 'GLFW.lib(window.obj)' で、または 'C:\Users\琉聖\Desktop\GC１\yudetamago\Summer\Summer\Game\GLFW.pdb' に見つかりません。デバッグ情報がないものとして、オブジェクトにリンクします。
GLFW.lib(input.obj) : warning LNK4099: PDB 'GLFW.pdb' が 'GLFW.lib(input.obj)' で、または 'C:\Users\琉聖\Desktop\GC１\yudetamago\Summer\Summer\Game\GLFW.pdb' に見つかりません。デバッグ情報がないものとして、オブジェクトにリンクします。
GLFW.lib(context.obj) : warning LNK4099: PDB 'GLFW.pdb' が 'GLFW.lib(context.obj)' で、または 'C:\Users\琉聖\Desktop\GC１\yudetamago\Summer\Summer\Game\GLFW.pdb' に見つかりません。デバッグ情報がないものとして、オブジェクトにリンクします。
GLFW.lib(win32_init.obj) : warning LNK4099: PDB 'GLFW.pdb' が 'GLFW.lib(win32_init.obj)' で、または 'C:\Users\琉聖\Desktop\GC１\yudetamago\Summer\Summer\Game\GLFW.pdb' に見つかりません。デバッグ情報がないものとして、オブジェクトにリンクします。
GLFW.lib(win32_monitor.obj) : warning LNK4099: PDB 'GLFW.pdb' が 'GLFW.lib(win32_monitor.obj)' で、または 'C:\Users\琉聖\Desktop\GC１\yudetamago\Summer\Summer\Game\GLFW.pdb' に見つかりません。デバッグ情報がないものとして、オブジェクトにリンクします。
GLFW.lib(win32_time.obj) : warning LNK4099: PDB 'GLFW.pdb' が 'GLFW.lib(win32_time.obj)' で、または 'C:\Users\琉聖\Desktop\GC１\yudetamago\Summer\Summer\Game\GLFW.pdb' に見つかりません。デバッグ情報がないものとして、オブジェクトにリンクします。
GLFW.lib(monitor.obj) : warning LNK4099: PDB 'GLFW.pdb' が 'GLFW.lib(monitor.obj)' で、または 'C:\Users\琉聖\Desktop\GC１\yudetamago\Summer\Summer\Game\GLFW.pdb' に見つかりません。デバッグ情報がないものとして、オブジェクトにリンクします。
GLFW.lib(vulkan.obj) : warning LNK4099: PDB 'GLFW.pdb' が 'GLFW.lib(vulkan.obj)' で、または 'C:\Users\琉聖\Desktop\GC１\yudetamago\Summer\Summer\Game\GLFW.pdb' に見つかりません。デバッグ情報がないものとして、オブジェクトにリンクします。
GLFW.lib(win32_window.obj) : warning LNK4099: PDB 'GLFW.pdb' が 'GLFW.lib(win32_window.obj)' で、または 'C:\Users\琉聖\Desktop\GC１\yudetamago\Summer\Summer\Game\GLFW.pdb' に見つかりません。デバッグ情報がないものとして、オブジェクトにリンクします。
GLFW.lib(win32_tls.obj) : warning LNK4099: PDB 'GLFW.pdb' が 'GLFW.lib(win32_tls.obj)' で、または 'C:\Users\琉聖\Desktop\GC１\yudetamago\Summer\Summer\Game\GLFW.pdb' に見つかりません。デバッグ情報がないものとして、オブジェクトにリンクします。
GLFW.lib(win32_joystick.obj) : warning LNK4099: PDB 'GLFW.pdb' が 'GLFW.lib(win32_joystick.obj)' で、または 'C:\Users\琉聖\Desktop\GC１\yudetamago\Summer\Summer\Game\GLFW.pdb' に見つかりません。デバッグ情報がないものとして、オブジェクトにリンクします。
GLFW.lib(wgl_context.obj) : warning LNK4099: PDB 'GLFW.pdb' が 'GLFW.lib(wgl_context.obj)' で、または 'C:\Users\琉聖\Desktop\GC１\yudetamago\Summer\Summer\Game\GLFW.pdb' に見つかりません。デバッグ情報がないものとして、オブジェクトにリンクします。
GLFW.lib(egl_context.obj) : warning LNK4099: PDB 'GLFW.pdb' が 'GLFW.lib(egl_context.obj)' で、または 'C:\Users\琉聖\Desktop\GC１\yudetamago\Summer\Summer\Game\GLFW.pdb' に見つかりません。デバッグ情報がないものとして、オブジェクトにリンクします。
alut.lib(alutInit.obj) : warning LNK4099: PDB 'alut.pdb' が 'alut.lib(alutInit.obj)' で、または 'C:\Users\琉聖\Desktop\GC１\yudetamago\Summer\Summer\Game\alut.pdb' に見つかりません。デバッグ情報がないものとして、オブジェクトにリンクします。
alut.lib(alutLoader.obj) : warning LNK4099: PDB 'alut.pdb' が 'alut.lib(alutLoader.obj)' で、または 'C:\Users\琉聖\Desktop\GC１\yudetamago\Summer\Summer\Game\alut.pdb' に見つかりません。デバッグ情報がないものとして、オブジェクトにリンクします。
alut.lib(alutError.obj) : warning LNK4099: PDB 'alut.pdb' が 'alut.lib(alutError.obj)' で、または 'C:\Users\琉聖\Desktop\GC１\yudetamago\Summer\Summer\Game\alut.pdb' に見つかりません。デバッグ情報がないものとして、オブジェクトにリンクします。
alut.lib(alutCodec.obj) : warning LNK4099: PDB 'alut.pdb' が 'alut.lib(alutCodec.obj)' で、または 'C:\Users\琉聖\Desktop\GC１\yudetamago\Summer\Summer\Game\alut.pdb' に見つかりません。デバッグ情報がないものとして、オブジェクトにリンクします。
alut.lib(alutInputStream.obj) : warning LNK4099: PDB 'alut.pdb' が 'alut.lib(alutInputStream.obj)' で、または 'C:\Users\琉聖\Desktop\GC１\yudetamago\Summer\Summer\Game\alut.pdb' に見つかりません。デバッグ情報がないものとして、オブジェクトにリンクします。
alut.lib(alutBufferData.obj) : warning LNK4099: PDB 'alut.pdb' が 'alut.lib(alutBufferData.obj)' で、または 'C:\Users\琉聖\Desktop\GC１\yudetamago\Summer\Summer\Game\alut.pdb' に見つかりません。デバッグ情報がないものとして、オブジェクトにリンクします。
alut.lib(alutUtil.obj) : warning LNK4099: PDB 'alut.pdb' が 'alut.lib(alutUtil.obj)' で、または 'C:\Users\琉聖\Desktop\GC１\yudetamago\Summer\Summer\Game\alut.pdb' に見つかりません。デバッグ情報がないものとして、オブジェクトにリンクします。
glew.lib(glew.obj) : warning LNK4099: PDB 'glew.pdb' が 'glew.lib(glew.obj)' で、または 'C:\Users\琉聖\Desktop\GC１\yudetamago\Summer\Summer\Game\glew.pdb' に見つかりません。デバッグ情報がないものとして、オブジェクトにリンクします。
LINK : warning LNK4286: シンボル 'alcCreateContext' ('OpenAL32.lib(ALc.obj)' で定義) が 'alut.lib(alutInit.obj)' によってインポートされています
LINK : warning LNK4286: シンボル 'alcMakeContextCurrent' ('OpenAL32.lib(ALc.obj)' で定義) が 'alut.lib(alutInit.obj)' によってインポートされています
LINK : warning LNK4286: シンボル 'alcDestroyContext' ('OpenAL32.lib(ALc.obj)' で定義) が 'alut.lib(alutInit.obj)' によってインポートされています
LINK : warning LNK4286: シンボル 'alcGetCurrentContext' ('OpenAL32.lib(ALc.obj)' で定義) が 'alut.lib(alutInit.obj)' によってインポートされています
LINK : warning LNK4286: シンボル 'alcGetContextsDevice' ('OpenAL32.lib(ALc.obj)' で定義) が 'alut.lib(alutInit.obj)' によってインポートされています
LINK : warning LNK4286: シンボル 'alcOpenDevice' ('OpenAL32.lib(ALc.obj)' で定義) が 'alut.lib(alutInit.obj)' によってインポートされています
LINK : warning LNK4286: シンボル 'alcCloseDevice' ('OpenAL32.lib(ALc.obj)' で定義) が 'alut.lib(alutInit.obj)' によってインポートされています
LINK : warning LNK4286: シンボル 'alcGetError' ('OpenAL32.lib(ALc.obj)' で定義) が 'alut.lib(alutInit.obj)' によってインポートされています
LINK : warning LNK4286: シンボル 'alGetError' ('OpenAL32.lib(alError.obj)' で定義) が 'alut.lib(alutInit.obj)' によってインポートされています
LINK : warning LNK4286: シンボル 'alGetError' ('OpenAL32.lib(alError.obj)' で定義) が 'alut.lib(alutBufferData.obj)' によってインポートされています
LINK : warning LNK4286: シンボル 'alGenBuffers' ('OpenAL32.lib(alBuffer.obj)' で定義) が 'alut.lib(alutBufferData.obj)' によってインポートされています
LINK : warning LNK4286: シンボル 'alBufferData' ('OpenAL32.lib(alBuffer.obj)' で定義) が 'alut.lib(alutBufferData.obj)' によってインポートされています
  GameProject.vcxproj -> C:\Users\琉聖\Desktop\GC１\yudetamago\Summer\Summer\Game\GameProject.exe
